-------------------------------------------------------------------------------
Test set: Register
-------------------------------------------------------------------------------
Tests run: 6, Failures: 0, Errors: 1, Skipped: 0, Time elapsed: 20.957 s <<< FAILURE! - in Register
Register.Create Account Product #1  Time elapsed: 12.63 s  <<< ERROR!
net.serenitybdd.core.exceptions.SerenityManagedException: 
1 expectation failed.
Expected status code <200> but was <400>.


